<?xml version="1.0" encoding="UTF-8"?>
<!-- Generated by org.testng.reporters.JUnitReportReporter -->
<testsuite hostname="DESKTOP-TC8J41J" failures="0" tests="1" name="tests.VerifyDreamButtonTest" time="6.581" errors="0" timestamp="2025-06-18T19:27:49 IST" skipped="0">
  <testcase classname="tests.VerifyDreamButtonTest" name="verifyMyDreamsButtonIsDisplayedAndClickable" time="6.581"/>
</testsuite> <!-- tests.VerifyDreamButtonTest -->
