<?xml version="1.0" encoding="UTF-8"?>
<!-- Generated by org.testng.reporters.JUnitReportReporter -->
<testsuite hostname="DESKTOP-TC8J41J" failures="0" tests="3" name="tests.DreamPortalTest" time="7.608" errors="0" timestamp="2025-06-18T20:07:14 IST" skipped="0">
  <testcase classname="tests.DreamPortalTest" name="verifyAndClickDreamButton" time="5.011"/>
  <testcase classname="tests.DreamPortalTest" name="validateDreamTableEntries" time="1.960"/>
  <testcase classname="tests.DreamPortalTest" name="validateDreamStats" time="0.637"/>
</testsuite> <!-- tests.DreamPortalTest -->
