<?xml version="1.0" encoding="UTF-8"?>
<!-- Generated by org.testng.reporters.JUnitReportReporter -->
<testsuite hostname="DESKTOP-TC8J41J" failures="0" tests="1" name="testCases.DreamPortalTest" time="17.732" errors="0" timestamp="2025-06-17T21:11:41 IST" skipped="0">
  <testcase classname="testCases.DreamPortalTest" name="validateDreamPortalFunctionality" time="17.732"/>
</testsuite> <!-- testCases.DreamPortalTest -->
